Start testing: Mar 22 17:39 -05
----------------------------------------------------------
1/2 Testing: UnitTest.TestPass1
1/2 Test: UnitTest.TestPass1
Command: "/home/coink/Documents/ValidadorPelicano/Oink-Validator-Pelicano-main/Pelicano/Testing/Unitest_StReset/build/Unitest_StReset" "--gtest_filter=UnitTest.TestPass1" "--gtest_also_run_disabled_tests"
Directory: /home/coink/Documents/ValidadorPelicano/Oink-Validator-Pelicano-main/Pelicano/Testing/Unitest_StReset/build
"UnitTest.TestPass1" start time: Mar 22 17:39 -05
Output:
----------------------------------------------------------
Running main() from /home/coink/Documents/ValidadorPelicano/Oink-Validator-Pelicano-main/Pelicano/Testing/Unitest_StReset/build/_deps/googletest-src/googletest/src/gtest_main.cc
Note: Google Test filter = UnitTest.TestPass1
[==========] Running 1 test from 1 test suite.
[----------] Global test environment set-up.
[----------] 1 test from UnitTest
[ RUN      ] UnitTest.TestPass1
[       OK ] UnitTest.TestPass1 (404 ms)
[----------] 1 test from UnitTest (404 ms total)

[----------] Global test environment tear-down
[==========] 1 test from 1 test suite ran. (405 ms total)
[  PASSED  ] 1 test.
<end of output>
Test time =   0.42 sec
----------------------------------------------------------
Test Passed.
"UnitTest.TestPass1" end time: Mar 22 17:39 -05
"UnitTest.TestPass1" time elapsed: 00:00:00
----------------------------------------------------------

2/2 Testing: UnitTest.TestFail1
2/2 Test: UnitTest.TestFail1
Command: "/home/coink/Documents/ValidadorPelicano/Oink-Validator-Pelicano-main/Pelicano/Testing/Unitest_StReset/build/Unitest_StReset" "--gtest_filter=UnitTest.TestFail1" "--gtest_also_run_disabled_tests"
Directory: /home/coink/Documents/ValidadorPelicano/Oink-Validator-Pelicano-main/Pelicano/Testing/Unitest_StReset/build
"UnitTest.TestFail1" start time: Mar 22 17:39 -05
Output:
----------------------------------------------------------
Running main() from /home/coink/Documents/ValidadorPelicano/Oink-Validator-Pelicano-main/Pelicano/Testing/Unitest_StReset/build/_deps/googletest-src/googletest/src/gtest_main.cc
Note: Google Test filter = UnitTest.TestFail1
[==========] Running 1 test from 1 test suite.
[----------] Global test environment set-up.
[----------] 1 test from UnitTest
[ RUN      ] UnitTest.TestFail1
/home/coink/Documents/ValidadorPelicano/Oink-Validator-Pelicano-main/Pelicano/Testing/Unitest_StReset/Unitest_StReset.cpp:33: Failure
Expected equality of these values:
  TestFunctionFail1()
    Which is: 0
  1
[  FAILED  ] UnitTest.TestFail1 (404 ms)
[----------] 1 test from UnitTest (405 ms total)

[----------] Global test environment tear-down
[==========] 1 test from 1 test suite ran. (405 ms total)
[  PASSED  ] 0 tests.
[  FAILED  ] 1 test, listed below:
[  FAILED  ] UnitTest.TestFail1

 1 FAILED TEST
<end of output>
Test time =   0.42 sec
----------------------------------------------------------
Test Failed.
"UnitTest.TestFail1" end time: Mar 22 17:39 -05
"UnitTest.TestFail1" time elapsed: 00:00:00
----------------------------------------------------------

End testing: Mar 22 17:39 -05
